0    INFO  [2018-10-07 23:31:29]  Client environment:zookeeper.version=3.4.10-39d3a4f269333c922ed3db283be479f9deacaa0f, built on 03/23/2017 10:13 GMT
1    INFO  [2018-10-07 23:31:29]  Client environment:host.name=192.168.229.1
1    INFO  [2018-10-07 23:31:29]  Client environment:java.version=1.8.0_181
2    INFO  [2018-10-07 23:31:29]  Client environment:java.vendor=Oracle Corporation
2    INFO  [2018-10-07 23:31:29]  Client environment:java.home=C:\Program Files\Java\jdk1.8.0_181\jre
2    INFO  [2018-10-07 23:31:29]  Client environment:java.class.path=D:\workspace\nwProject\classes;D:\workspace\nwProject\lib\commons-io-2.2.jar;D:\workspace\nwProject\lib\druid-1.0.9.jar;D:\workspace\nwProject\lib\junit-4.11.jar;D:\workspace\nwProject\lib\log4j-1.2.16.jar;D:\workspace\nwProject\lib\mysql-connector-java-5.1.23.jar;D:\workspace\nwProject\lib\rabbitmq-client.jar;D:\workspace\nwProject\lib\rop-1.1.4.jar;D:\workspace\nwProject\lib\slf4j-api-1.7.6.jar;D:\workspace\nwProject\lib\slf4j-log4j12-1.6.1.jar;D:\workspace\nwProject\lib\weibo4j.jar;D:\workspace\nwProject\lib\fastjson-1.2.6.jar;D:\workspace\nwProject\lib\commons-codec-1.9.jar;D:\workspace\nwProject\lib\commons-httpclient-3.1.jar;D:\workspace\nwProject\lib\commons-lang3-3.3.2.jar;C:\Program Files\Java\jdk1.8.0_181\jre\lib\charsets.jar;C:\Program Files\Java\jdk1.8.0_181\jre\lib\deploy.jar;C:\Program Files\Java\jdk1.8.0_181\jre\lib\ext\access-bridge-64.jar;C:\Program Files\Java\jdk1.8.0_181\jre\lib\ext\cldrdata.jar;C:\Program Files\Java\jdk1.8.0_181\jre\lib\ext\dnsns.jar;C:\Program Files\Java\jdk1.8.0_181\jre\lib\ext\jaccess.jar;C:\Program Files\Java\jdk1.8.0_181\jre\lib\ext\jfxrt.jar;C:\Program Files\Java\jdk1.8.0_181\jre\lib\ext\localedata.jar;C:\Program Files\Java\jdk1.8.0_181\jre\lib\ext\nashorn.jar;C:\Program Files\Java\jdk1.8.0_181\jre\lib\ext\sunec.jar;C:\Program Files\Java\jdk1.8.0_181\jre\lib\ext\sunjce_provider.jar;C:\Program Files\Java\jdk1.8.0_181\jre\lib\ext\sunmscapi.jar;C:\Program Files\Java\jdk1.8.0_181\jre\lib\ext\sunpkcs11.jar;C:\Program Files\Java\jdk1.8.0_181\jre\lib\ext\zipfs.jar;C:\Program Files\Java\jdk1.8.0_181\jre\lib\javaws.jar;C:\Program Files\Java\jdk1.8.0_181\jre\lib\jce.jar;C:\Program Files\Java\jdk1.8.0_181\jre\lib\jfr.jar;C:\Program Files\Java\jdk1.8.0_181\jre\lib\jfxswt.jar;C:\Program Files\Java\jdk1.8.0_181\jre\lib\jsse.jar;C:\Program Files\Java\jdk1.8.0_181\jre\lib\management-agent.jar;C:\Program Files\Java\jdk1.8.0_181\jre\lib\plugin.jar;C:\Program Files\Java\jdk1.8.0_181\jre\lib\resources.jar;C:\Program Files\Java\jdk1.8.0_181\jre\lib\rt.jar;D:\workspace\nwProject\lib\protobuf-java-2.6.1.jar;D:\workspace\nwProject\lib\cglib-3.2.4.jar;D:\workspace\nwProject\lib\cglib-nodep-3.2.4.jar;D:\workspace\nwProject\lib\asm-3.3.1.jar;D:\workspace\nwProject\lib\commons-math3-3.6.1.jar;D:\workspace\nwProject\lib\zookeeper-3.4.10.jar;C:\Program Files\JetBrains\IntelliJ IDEA 2018.2.3\lib\idea_rt.jar
2    INFO  [2018-10-07 23:31:29]  Client environment:java.library.path=C:\Program Files\Java\jdk1.8.0_181\bin;C:\Windows\Sun\Java\bin;C:\Windows\system32;C:\Windows;C:\Program Files (x86)\Common Files\Oracle\Java\javapath;C:\Program Files (x86)\Intel\Intel(R) Management Engine Components\iCLS\;C:\Program Files\Intel\Intel(R) Management Engine Components\iCLS\;C:\Windows\system32;C:\Windows;C:\Windows\System32\Wbem;C:\Windows\System32\WindowsPowerShell\v1.0\;C:\Windows\System32\OpenSSH\;C:\Program Files (x86)\Intel\Intel(R) Management Engine Components\DAL;C:\Program Files\Intel\Intel(R) Management Engine Components\DAL;C:\Program Files (x86)\Intel\Intel(R) Management Engine Components\IPT;C:\Program Files\Intel\Intel(R) Management Engine Components\IPT;C:\Program Files (x86)\NVIDIA Corporation\PhysX\Common;C:\Program Files\Java\jdk1.8.0_181\bin;C:\Program Files\Java\jdk1.8.0_181\jre\bin;C:\Program Files\MATLAB\R2014b\runtime\win64;C:\Program Files\MATLAB\R2014b\bin;C:\Program Files\MATLAB\R2014b\polyspace\bin;C:\Program Files\MYSQL\mysql-5.7.12\bin;C:\Users\69063\AppData\Local\Microsoft\WindowsApps;;.
2    INFO  [2018-10-07 23:31:29]  Client environment:java.io.tmpdir=C:\Users\69063\AppData\Local\Temp\
4    INFO  [2018-10-07 23:31:29]  Client environment:java.compiler=<NA>
4    INFO  [2018-10-07 23:31:29]  Client environment:os.name=Windows 10
4    INFO  [2018-10-07 23:31:29]  Client environment:os.arch=amd64
4    INFO  [2018-10-07 23:31:29]  Client environment:os.version=10.0
4    INFO  [2018-10-07 23:31:29]  Client environment:user.name=69063
4    INFO  [2018-10-07 23:31:29]  Client environment:user.home=C:\Users\69063
4    INFO  [2018-10-07 23:31:29]  Client environment:user.dir=D:\workspace\nwProject
6    INFO  [2018-10-07 23:31:29]  Initiating client connection, connectString=192.168.1.8 sessionTimeout=50000 watcher=cn.com.lioan.zk.TestZk$1@14514713
8    DEBUG [2018-10-07 23:31:29]  zookeeper.disableAutoWatchReset is false
308  INFO  [2018-10-07 23:31:29]  Opening socket connection to server 192.168.1.8/192.168.1.8:2181. Will not attempt to authenticate using SASL (unknown error)
311  INFO  [2018-10-07 23:31:29]  Socket connection established to 192.168.1.8/192.168.1.8:2181, initiating session
312  DEBUG [2018-10-07 23:31:29]  Session establishment request sent on 192.168.1.8/192.168.1.8:2181
317  INFO  [2018-10-07 23:31:29]  Session establishment complete on server 192.168.1.8/192.168.1.8:2181, sessionid = 0x1664de2d7cf0007, negotiated timeout = 40000
322  DEBUG [2018-10-07 23:31:29]  Reading reply sessionid:0x1664de2d7cf0007, packet:: clientPath:null serverPath:null finished:false header:: 1,1  replyHeader:: 1,44,0  request:: '/root-lixx,#2f726f6f742d6c697878,v{s{31,s{'world,'anyone}}},0  response:: '/root-lixx 
324  DEBUG [2018-10-07 23:31:29]  Reading reply sessionid:0x1664de2d7cf0007, packet:: clientPath:null serverPath:null finished:false header:: 2,1  replyHeader:: 2,45,0  request:: '/root-lixxroot-liss,#726f6f742d6c697373,v{s{31,s{'world,'anyone}}},0  response:: '/root-lixxroot-liss 
327  DEBUG [2018-10-07 23:31:29]  Reading reply sessionid:0x1664de2d7cf0007, packet:: clientPath:null serverPath:null finished:false header:: 3,1  replyHeader:: 3,46,0  request:: '/root-lixxroot-lisn,#726f6f742d6c69736e,v{s{31,s{'world,'anyone}}},0  response:: '/root-lixxroot-lisn 
0    INFO  [2018-10-07 23:35:13]  Client environment:zookeeper.version=3.4.10-39d3a4f269333c922ed3db283be479f9deacaa0f, built on 03/23/2017 10:13 GMT
1    INFO  [2018-10-07 23:35:13]  Client environment:host.name=192.168.229.1
1    INFO  [2018-10-07 23:35:13]  Client environment:java.version=1.8.0_181
1    INFO  [2018-10-07 23:35:13]  Client environment:java.vendor=Oracle Corporation
1    INFO  [2018-10-07 23:35:13]  Client environment:java.home=C:\Program Files\Java\jdk1.8.0_181\jre
1    INFO  [2018-10-07 23:35:13]  Client environment:java.class.path=D:\workspace\nwProject\classes;D:\workspace\nwProject\lib\commons-io-2.2.jar;D:\workspace\nwProject\lib\druid-1.0.9.jar;D:\workspace\nwProject\lib\junit-4.11.jar;D:\workspace\nwProject\lib\log4j-1.2.16.jar;D:\workspace\nwProject\lib\mysql-connector-java-5.1.23.jar;D:\workspace\nwProject\lib\rabbitmq-client.jar;D:\workspace\nwProject\lib\rop-1.1.4.jar;D:\workspace\nwProject\lib\slf4j-api-1.7.6.jar;D:\workspace\nwProject\lib\slf4j-log4j12-1.6.1.jar;D:\workspace\nwProject\lib\weibo4j.jar;D:\workspace\nwProject\lib\fastjson-1.2.6.jar;D:\workspace\nwProject\lib\commons-codec-1.9.jar;D:\workspace\nwProject\lib\commons-httpclient-3.1.jar;D:\workspace\nwProject\lib\commons-lang3-3.3.2.jar;C:\Program Files\Java\jdk1.8.0_181\jre\lib\charsets.jar;C:\Program Files\Java\jdk1.8.0_181\jre\lib\deploy.jar;C:\Program Files\Java\jdk1.8.0_181\jre\lib\ext\access-bridge-64.jar;C:\Program Files\Java\jdk1.8.0_181\jre\lib\ext\cldrdata.jar;C:\Program Files\Java\jdk1.8.0_181\jre\lib\ext\dnsns.jar;C:\Program Files\Java\jdk1.8.0_181\jre\lib\ext\jaccess.jar;C:\Program Files\Java\jdk1.8.0_181\jre\lib\ext\jfxrt.jar;C:\Program Files\Java\jdk1.8.0_181\jre\lib\ext\localedata.jar;C:\Program Files\Java\jdk1.8.0_181\jre\lib\ext\nashorn.jar;C:\Program Files\Java\jdk1.8.0_181\jre\lib\ext\sunec.jar;C:\Program Files\Java\jdk1.8.0_181\jre\lib\ext\sunjce_provider.jar;C:\Program Files\Java\jdk1.8.0_181\jre\lib\ext\sunmscapi.jar;C:\Program Files\Java\jdk1.8.0_181\jre\lib\ext\sunpkcs11.jar;C:\Program Files\Java\jdk1.8.0_181\jre\lib\ext\zipfs.jar;C:\Program Files\Java\jdk1.8.0_181\jre\lib\javaws.jar;C:\Program Files\Java\jdk1.8.0_181\jre\lib\jce.jar;C:\Program Files\Java\jdk1.8.0_181\jre\lib\jfr.jar;C:\Program Files\Java\jdk1.8.0_181\jre\lib\jfxswt.jar;C:\Program Files\Java\jdk1.8.0_181\jre\lib\jsse.jar;C:\Program Files\Java\jdk1.8.0_181\jre\lib\management-agent.jar;C:\Program Files\Java\jdk1.8.0_181\jre\lib\plugin.jar;C:\Program Files\Java\jdk1.8.0_181\jre\lib\resources.jar;C:\Program Files\Java\jdk1.8.0_181\jre\lib\rt.jar;D:\workspace\nwProject\lib\protobuf-java-2.6.1.jar;D:\workspace\nwProject\lib\cglib-3.2.4.jar;D:\workspace\nwProject\lib\cglib-nodep-3.2.4.jar;D:\workspace\nwProject\lib\asm-3.3.1.jar;D:\workspace\nwProject\lib\commons-math3-3.6.1.jar;D:\workspace\nwProject\lib\zookeeper-3.4.10.jar;C:\Program Files\JetBrains\IntelliJ IDEA 2018.2.3\lib\idea_rt.jar
1    INFO  [2018-10-07 23:35:13]  Client environment:java.library.path=C:\Program Files\Java\jdk1.8.0_181\bin;C:\Windows\Sun\Java\bin;C:\Windows\system32;C:\Windows;C:\Program Files (x86)\Common Files\Oracle\Java\javapath;C:\Program Files (x86)\Intel\Intel(R) Management Engine Components\iCLS\;C:\Program Files\Intel\Intel(R) Management Engine Components\iCLS\;C:\Windows\system32;C:\Windows;C:\Windows\System32\Wbem;C:\Windows\System32\WindowsPowerShell\v1.0\;C:\Windows\System32\OpenSSH\;C:\Program Files (x86)\Intel\Intel(R) Management Engine Components\DAL;C:\Program Files\Intel\Intel(R) Management Engine Components\DAL;C:\Program Files (x86)\Intel\Intel(R) Management Engine Components\IPT;C:\Program Files\Intel\Intel(R) Management Engine Components\IPT;C:\Program Files (x86)\NVIDIA Corporation\PhysX\Common;C:\Program Files\Java\jdk1.8.0_181\bin;C:\Program Files\Java\jdk1.8.0_181\jre\bin;C:\Program Files\MATLAB\R2014b\runtime\win64;C:\Program Files\MATLAB\R2014b\bin;C:\Program Files\MATLAB\R2014b\polyspace\bin;C:\Program Files\MYSQL\mysql-5.7.12\bin;C:\Users\69063\AppData\Local\Microsoft\WindowsApps;;.
1    INFO  [2018-10-07 23:35:13]  Client environment:java.io.tmpdir=C:\Users\69063\AppData\Local\Temp\
4    INFO  [2018-10-07 23:35:13]  Client environment:java.compiler=<NA>
4    INFO  [2018-10-07 23:35:13]  Client environment:os.name=Windows 10
4    INFO  [2018-10-07 23:35:13]  Client environment:os.arch=amd64
4    INFO  [2018-10-07 23:35:13]  Client environment:os.version=10.0
4    INFO  [2018-10-07 23:35:13]  Client environment:user.name=69063
4    INFO  [2018-10-07 23:35:13]  Client environment:user.home=C:\Users\69063
4    INFO  [2018-10-07 23:35:13]  Client environment:user.dir=D:\workspace\nwProject
5    INFO  [2018-10-07 23:35:13]  Initiating client connection, connectString=192.168.1.8 sessionTimeout=50000 watcher=cn.com.lioan.zk.TestZk$1@14514713
7    DEBUG [2018-10-07 23:35:13]  zookeeper.disableAutoWatchReset is false
283  INFO  [2018-10-07 23:35:14]  Opening socket connection to server 192.168.1.8/192.168.1.8:2181. Will not attempt to authenticate using SASL (unknown error)
285  INFO  [2018-10-07 23:35:14]  Socket connection established to 192.168.1.8/192.168.1.8:2181, initiating session
286  DEBUG [2018-10-07 23:35:14]  Session establishment request sent on 192.168.1.8/192.168.1.8:2181
407  INFO  [2018-10-07 23:35:14]  Session establishment complete on server 192.168.1.8/192.168.1.8:2181, sessionid = 0x1664de2d7cf0008, negotiated timeout = 40000
412  DEBUG [2018-10-07 23:35:14]  Reading reply sessionid:0x1664de2d7cf0008, packet:: clientPath:null serverPath:null finished:false header:: 1,1  replyHeader:: 1,51,-110  request:: '/root-lixx,#2f726f6f742d6c697878,v{s{31,s{'world,'anyone}}},0  response::  
0    INFO  [2018-10-07 23:35:55]  Client environment:zookeeper.version=3.4.10-39d3a4f269333c922ed3db283be479f9deacaa0f, built on 03/23/2017 10:13 GMT
1    INFO  [2018-10-07 23:35:55]  Client environment:host.name=192.168.229.1
1    INFO  [2018-10-07 23:35:55]  Client environment:java.version=1.8.0_181
1    INFO  [2018-10-07 23:35:55]  Client environment:java.vendor=Oracle Corporation
1    INFO  [2018-10-07 23:35:55]  Client environment:java.home=C:\Program Files\Java\jdk1.8.0_181\jre
1    INFO  [2018-10-07 23:35:55]  Client environment:java.class.path=D:\workspace\nwProject\classes;D:\workspace\nwProject\lib\commons-io-2.2.jar;D:\workspace\nwProject\lib\druid-1.0.9.jar;D:\workspace\nwProject\lib\junit-4.11.jar;D:\workspace\nwProject\lib\log4j-1.2.16.jar;D:\workspace\nwProject\lib\mysql-connector-java-5.1.23.jar;D:\workspace\nwProject\lib\rabbitmq-client.jar;D:\workspace\nwProject\lib\rop-1.1.4.jar;D:\workspace\nwProject\lib\slf4j-api-1.7.6.jar;D:\workspace\nwProject\lib\slf4j-log4j12-1.6.1.jar;D:\workspace\nwProject\lib\weibo4j.jar;D:\workspace\nwProject\lib\fastjson-1.2.6.jar;D:\workspace\nwProject\lib\commons-codec-1.9.jar;D:\workspace\nwProject\lib\commons-httpclient-3.1.jar;D:\workspace\nwProject\lib\commons-lang3-3.3.2.jar;C:\Program Files\Java\jdk1.8.0_181\jre\lib\charsets.jar;C:\Program Files\Java\jdk1.8.0_181\jre\lib\deploy.jar;C:\Program Files\Java\jdk1.8.0_181\jre\lib\ext\access-bridge-64.jar;C:\Program Files\Java\jdk1.8.0_181\jre\lib\ext\cldrdata.jar;C:\Program Files\Java\jdk1.8.0_181\jre\lib\ext\dnsns.jar;C:\Program Files\Java\jdk1.8.0_181\jre\lib\ext\jaccess.jar;C:\Program Files\Java\jdk1.8.0_181\jre\lib\ext\jfxrt.jar;C:\Program Files\Java\jdk1.8.0_181\jre\lib\ext\localedata.jar;C:\Program Files\Java\jdk1.8.0_181\jre\lib\ext\nashorn.jar;C:\Program Files\Java\jdk1.8.0_181\jre\lib\ext\sunec.jar;C:\Program Files\Java\jdk1.8.0_181\jre\lib\ext\sunjce_provider.jar;C:\Program Files\Java\jdk1.8.0_181\jre\lib\ext\sunmscapi.jar;C:\Program Files\Java\jdk1.8.0_181\jre\lib\ext\sunpkcs11.jar;C:\Program Files\Java\jdk1.8.0_181\jre\lib\ext\zipfs.jar;C:\Program Files\Java\jdk1.8.0_181\jre\lib\javaws.jar;C:\Program Files\Java\jdk1.8.0_181\jre\lib\jce.jar;C:\Program Files\Java\jdk1.8.0_181\jre\lib\jfr.jar;C:\Program Files\Java\jdk1.8.0_181\jre\lib\jfxswt.jar;C:\Program Files\Java\jdk1.8.0_181\jre\lib\jsse.jar;C:\Program Files\Java\jdk1.8.0_181\jre\lib\management-agent.jar;C:\Program Files\Java\jdk1.8.0_181\jre\lib\plugin.jar;C:\Program Files\Java\jdk1.8.0_181\jre\lib\resources.jar;C:\Program Files\Java\jdk1.8.0_181\jre\lib\rt.jar;D:\workspace\nwProject\lib\protobuf-java-2.6.1.jar;D:\workspace\nwProject\lib\cglib-3.2.4.jar;D:\workspace\nwProject\lib\cglib-nodep-3.2.4.jar;D:\workspace\nwProject\lib\asm-3.3.1.jar;D:\workspace\nwProject\lib\commons-math3-3.6.1.jar;D:\workspace\nwProject\lib\zookeeper-3.4.10.jar;C:\Program Files\JetBrains\IntelliJ IDEA 2018.2.3\lib\idea_rt.jar
2    INFO  [2018-10-07 23:35:55]  Client environment:java.library.path=C:\Program Files\Java\jdk1.8.0_181\bin;C:\Windows\Sun\Java\bin;C:\Windows\system32;C:\Windows;C:\Program Files (x86)\Common Files\Oracle\Java\javapath;C:\Program Files (x86)\Intel\Intel(R) Management Engine Components\iCLS\;C:\Program Files\Intel\Intel(R) Management Engine Components\iCLS\;C:\Windows\system32;C:\Windows;C:\Windows\System32\Wbem;C:\Windows\System32\WindowsPowerShell\v1.0\;C:\Windows\System32\OpenSSH\;C:\Program Files (x86)\Intel\Intel(R) Management Engine Components\DAL;C:\Program Files\Intel\Intel(R) Management Engine Components\DAL;C:\Program Files (x86)\Intel\Intel(R) Management Engine Components\IPT;C:\Program Files\Intel\Intel(R) Management Engine Components\IPT;C:\Program Files (x86)\NVIDIA Corporation\PhysX\Common;C:\Program Files\Java\jdk1.8.0_181\bin;C:\Program Files\Java\jdk1.8.0_181\jre\bin;C:\Program Files\MATLAB\R2014b\runtime\win64;C:\Program Files\MATLAB\R2014b\bin;C:\Program Files\MATLAB\R2014b\polyspace\bin;C:\Program Files\MYSQL\mysql-5.7.12\bin;C:\Users\69063\AppData\Local\Microsoft\WindowsApps;;.
2    INFO  [2018-10-07 23:35:55]  Client environment:java.io.tmpdir=C:\Users\69063\AppData\Local\Temp\
2    INFO  [2018-10-07 23:35:55]  Client environment:java.compiler=<NA>
2    INFO  [2018-10-07 23:35:55]  Client environment:os.name=Windows 10
2    INFO  [2018-10-07 23:35:55]  Client environment:os.arch=amd64
2    INFO  [2018-10-07 23:35:55]  Client environment:os.version=10.0
2    INFO  [2018-10-07 23:35:55]  Client environment:user.name=69063
2    INFO  [2018-10-07 23:35:55]  Client environment:user.home=C:\Users\69063
2    INFO  [2018-10-07 23:35:55]  Client environment:user.dir=D:\workspace\nwProject
4    INFO  [2018-10-07 23:35:55]  Initiating client connection, connectString=192.168.1.8 sessionTimeout=50000 watcher=cn.com.lioan.zk.TestZk$1@14514713
6    DEBUG [2018-10-07 23:35:55]  zookeeper.disableAutoWatchReset is false
298  INFO  [2018-10-07 23:35:56]  Opening socket connection to server 192.168.1.8/192.168.1.8:2181. Will not attempt to authenticate using SASL (unknown error)
300  INFO  [2018-10-07 23:35:56]  Socket connection established to 192.168.1.8/192.168.1.8:2181, initiating session
301  DEBUG [2018-10-07 23:35:56]  Session establishment request sent on 192.168.1.8/192.168.1.8:2181
325  INFO  [2018-10-07 23:35:56]  Session establishment complete on server 192.168.1.8/192.168.1.8:2181, sessionid = 0x1664de2d7cf0009, negotiated timeout = 40000
328  DEBUG [2018-10-07 23:35:56]  Reading reply sessionid:0x1664de2d7cf0009, packet:: clientPath:null serverPath:null finished:false header:: 1,1  replyHeader:: 1,55,0  request:: '/root-lixx,#2f726f6f742d6c697878,v{s{31,s{'world,'anyone}}},0  response:: '/root-lixx 
330  DEBUG [2018-10-07 23:35:56]  Reading reply sessionid:0x1664de2d7cf0009, packet:: clientPath:null serverPath:null finished:false header:: 2,1  replyHeader:: 2,56,0  request:: '/root-lixx/root-liss,#726f6f742d6c697373,v{s{31,s{'world,'anyone}}},0  response:: '/root-lixx/root-liss 
332  DEBUG [2018-10-07 23:35:56]  Reading reply sessionid:0x1664de2d7cf0009, packet:: clientPath:null serverPath:null finished:false header:: 3,1  replyHeader:: 3,57,0  request:: '/root-lixx/root-lisn,#726f6f742d6c69736e,v{s{31,s{'world,'anyone}}},0  response:: '/root-lixx/root-lisn 
0    INFO  [2018-10-07 23:37:11]  Client environment:zookeeper.version=3.4.10-39d3a4f269333c922ed3db283be479f9deacaa0f, built on 03/23/2017 10:13 GMT
1    INFO  [2018-10-07 23:37:11]  Client environment:host.name=192.168.229.1
1    INFO  [2018-10-07 23:37:11]  Client environment:java.version=1.8.0_181
1    INFO  [2018-10-07 23:37:11]  Client environment:java.vendor=Oracle Corporation
1    INFO  [2018-10-07 23:37:11]  Client environment:java.home=C:\Program Files\Java\jdk1.8.0_181\jre
1    INFO  [2018-10-07 23:37:11]  Client environment:java.class.path=D:\workspace\nwProject\classes;D:\workspace\nwProject\lib\commons-io-2.2.jar;D:\workspace\nwProject\lib\druid-1.0.9.jar;D:\workspace\nwProject\lib\junit-4.11.jar;D:\workspace\nwProject\lib\log4j-1.2.16.jar;D:\workspace\nwProject\lib\mysql-connector-java-5.1.23.jar;D:\workspace\nwProject\lib\rabbitmq-client.jar;D:\workspace\nwProject\lib\rop-1.1.4.jar;D:\workspace\nwProject\lib\slf4j-api-1.7.6.jar;D:\workspace\nwProject\lib\slf4j-log4j12-1.6.1.jar;D:\workspace\nwProject\lib\weibo4j.jar;D:\workspace\nwProject\lib\fastjson-1.2.6.jar;D:\workspace\nwProject\lib\commons-codec-1.9.jar;D:\workspace\nwProject\lib\commons-httpclient-3.1.jar;D:\workspace\nwProject\lib\commons-lang3-3.3.2.jar;C:\Program Files\Java\jdk1.8.0_181\jre\lib\charsets.jar;C:\Program Files\Java\jdk1.8.0_181\jre\lib\deploy.jar;C:\Program Files\Java\jdk1.8.0_181\jre\lib\ext\access-bridge-64.jar;C:\Program Files\Java\jdk1.8.0_181\jre\lib\ext\cldrdata.jar;C:\Program Files\Java\jdk1.8.0_181\jre\lib\ext\dnsns.jar;C:\Program Files\Java\jdk1.8.0_181\jre\lib\ext\jaccess.jar;C:\Program Files\Java\jdk1.8.0_181\jre\lib\ext\jfxrt.jar;C:\Program Files\Java\jdk1.8.0_181\jre\lib\ext\localedata.jar;C:\Program Files\Java\jdk1.8.0_181\jre\lib\ext\nashorn.jar;C:\Program Files\Java\jdk1.8.0_181\jre\lib\ext\sunec.jar;C:\Program Files\Java\jdk1.8.0_181\jre\lib\ext\sunjce_provider.jar;C:\Program Files\Java\jdk1.8.0_181\jre\lib\ext\sunmscapi.jar;C:\Program Files\Java\jdk1.8.0_181\jre\lib\ext\sunpkcs11.jar;C:\Program Files\Java\jdk1.8.0_181\jre\lib\ext\zipfs.jar;C:\Program Files\Java\jdk1.8.0_181\jre\lib\javaws.jar;C:\Program Files\Java\jdk1.8.0_181\jre\lib\jce.jar;C:\Program Files\Java\jdk1.8.0_181\jre\lib\jfr.jar;C:\Program Files\Java\jdk1.8.0_181\jre\lib\jfxswt.jar;C:\Program Files\Java\jdk1.8.0_181\jre\lib\jsse.jar;C:\Program Files\Java\jdk1.8.0_181\jre\lib\management-agent.jar;C:\Program Files\Java\jdk1.8.0_181\jre\lib\plugin.jar;C:\Program Files\Java\jdk1.8.0_181\jre\lib\resources.jar;C:\Program Files\Java\jdk1.8.0_181\jre\lib\rt.jar;D:\workspace\nwProject\lib\protobuf-java-2.6.1.jar;D:\workspace\nwProject\lib\cglib-3.2.4.jar;D:\workspace\nwProject\lib\cglib-nodep-3.2.4.jar;D:\workspace\nwProject\lib\asm-3.3.1.jar;D:\workspace\nwProject\lib\commons-math3-3.6.1.jar;D:\workspace\nwProject\lib\zookeeper-3.4.10.jar;C:\Program Files\JetBrains\IntelliJ IDEA 2018.2.3\lib\idea_rt.jar
2    INFO  [2018-10-07 23:37:11]  Client environment:java.library.path=C:\Program Files\Java\jdk1.8.0_181\bin;C:\Windows\Sun\Java\bin;C:\Windows\system32;C:\Windows;C:\Program Files (x86)\Common Files\Oracle\Java\javapath;C:\Program Files (x86)\Intel\Intel(R) Management Engine Components\iCLS\;C:\Program Files\Intel\Intel(R) Management Engine Components\iCLS\;C:\Windows\system32;C:\Windows;C:\Windows\System32\Wbem;C:\Windows\System32\WindowsPowerShell\v1.0\;C:\Windows\System32\OpenSSH\;C:\Program Files (x86)\Intel\Intel(R) Management Engine Components\DAL;C:\Program Files\Intel\Intel(R) Management Engine Components\DAL;C:\Program Files (x86)\Intel\Intel(R) Management Engine Components\IPT;C:\Program Files\Intel\Intel(R) Management Engine Components\IPT;C:\Program Files (x86)\NVIDIA Corporation\PhysX\Common;C:\Program Files\Java\jdk1.8.0_181\bin;C:\Program Files\Java\jdk1.8.0_181\jre\bin;C:\Program Files\MATLAB\R2014b\runtime\win64;C:\Program Files\MATLAB\R2014b\bin;C:\Program Files\MATLAB\R2014b\polyspace\bin;C:\Program Files\MYSQL\mysql-5.7.12\bin;C:\Users\69063\AppData\Local\Microsoft\WindowsApps;;.
2    INFO  [2018-10-07 23:37:11]  Client environment:java.io.tmpdir=C:\Users\69063\AppData\Local\Temp\
5    INFO  [2018-10-07 23:37:11]  Client environment:java.compiler=<NA>
5    INFO  [2018-10-07 23:37:11]  Client environment:os.name=Windows 10
5    INFO  [2018-10-07 23:37:11]  Client environment:os.arch=amd64
5    INFO  [2018-10-07 23:37:11]  Client environment:os.version=10.0
5    INFO  [2018-10-07 23:37:11]  Client environment:user.name=69063
5    INFO  [2018-10-07 23:37:11]  Client environment:user.home=C:\Users\69063
5    INFO  [2018-10-07 23:37:11]  Client environment:user.dir=D:\workspace\nwProject
7    INFO  [2018-10-07 23:37:11]  Initiating client connection, connectString=192.168.1.8 sessionTimeout=50000 watcher=cn.com.lioan.zk.TestZk$1@14514713
10   DEBUG [2018-10-07 23:37:11]  zookeeper.disableAutoWatchReset is false
292  INFO  [2018-10-07 23:37:11]  Opening socket connection to server 192.168.1.8/192.168.1.8:2181. Will not attempt to authenticate using SASL (unknown error)
21297 WARN  [2018-10-07 23:37:32]  Session 0x0 for server null, unexpected error, closing socket connection and attempting reconnect
java.net.ConnectException: Connection timed out: no further information
	at sun.nio.ch.SocketChannelImpl.checkConnect(Native Method)
	at sun.nio.ch.SocketChannelImpl.finishConnect(SocketChannelImpl.java:717)
	at org.apache.zookeeper.ClientCnxnSocketNIO.doTransport(ClientCnxnSocketNIO.java:361)
	at org.apache.zookeeper.ClientCnxn$SendThread.run(ClientCnxn.java:1141)
21306 DEBUG [2018-10-07 23:37:32]  Ignoring exception during shutdown input
java.nio.channels.ClosedChannelException
	at sun.nio.ch.SocketChannelImpl.shutdownInput(SocketChannelImpl.java:780)
	at sun.nio.ch.SocketAdaptor.shutdownInput(SocketAdaptor.java:399)
	at org.apache.zookeeper.ClientCnxnSocketNIO.cleanup(ClientCnxnSocketNIO.java:200)
	at org.apache.zookeeper.ClientCnxn$SendThread.cleanup(ClientCnxn.java:1246)
	at org.apache.zookeeper.ClientCnxn$SendThread.run(ClientCnxn.java:1170)
21306 DEBUG [2018-10-07 23:37:32]  Ignoring exception during shutdown output
java.nio.channels.ClosedChannelException
	at sun.nio.ch.SocketChannelImpl.shutdownOutput(SocketChannelImpl.java:797)
	at sun.nio.ch.SocketAdaptor.shutdownOutput(SocketAdaptor.java:407)
	at org.apache.zookeeper.ClientCnxnSocketNIO.cleanup(ClientCnxnSocketNIO.java:207)
	at org.apache.zookeeper.ClientCnxn$SendThread.cleanup(ClientCnxn.java:1246)
	at org.apache.zookeeper.ClientCnxn$SendThread.run(ClientCnxn.java:1170)
0    INFO  [2019-03-07 22:21:07]  =================initialization=================
130  INFO  [2019-03-07 22:21:07]  Using default implementation for ThreadExecutor
140  INFO  [2019-03-07 22:21:07]  Job execution threads will use class loader of thread: main
150  INFO  [2019-03-07 22:21:07]  Initialized Scheduler Signaller of type: class org.quartz.core.SchedulerSignalerImpl
150  INFO  [2019-03-07 22:21:07]  Quartz Scheduler v.2.3.0-SNAPSHOT created.
150  INFO  [2019-03-07 22:21:07]  RAMJobStore initialized.
150  INFO  [2019-03-07 22:21:07]  Scheduler meta-data: Quartz Scheduler (v2.3.0-SNAPSHOT) 'DefaultQuartzScheduler' with instanceId 'NON_CLUSTERED'
  Scheduler class: 'org.quartz.core.QuartzScheduler' - running locally.
  NOT STARTED.
  Currently in standby mode.
  Number of jobs executed: 0
  Using thread pool 'org.quartz.simpl.SimpleThreadPool' - with 10 threads.
  Using job-store 'org.quartz.simpl.RAMJobStore' - which does not support persistence. and is not clustered.

150  INFO  [2019-03-07 22:21:07]  Quartz scheduler 'DefaultQuartzScheduler' initialized from default resource file in Quartz package: 'quartz.properties'
150  INFO  [2019-03-07 22:21:07]  Quartz scheduler version: 2.3.0-SNAPSHOT
150  INFO  [2019-03-07 22:21:07]  =================initialize finshed=================
150  INFO  [2019-03-07 22:21:07]  =================add the job to Scheduler=================
160  INFO  [2019-03-07 22:21:07]  Scheduler DefaultQuartzScheduler_$_NON_CLUSTERED started.
160  DEBUG [2019-03-07 22:21:07]  batch acquisition of 1 triggers
160  DEBUG [2019-03-07 22:21:07]  Producing instance of Job 'QUARTZ_JOBGROUP_LIXX.taskJob1', class=cn.com.lioan.quartz.Task1
160  ERROR [2019-03-07 22:21:07]  An error occured instantiating job to be executed. job= 'QUARTZ_JOBGROUP_LIXX.taskJob1'
org.quartz.SchedulerException: Problem instantiating class 'cn.com.lioan.quartz.Task1' [See nested exception: java.lang.IllegalAccessException: Class org.quartz.simpl.SimpleJobFactory can not access a member of class cn.com.lioan.quartz.Task1 with modifiers ""]
	at org.quartz.simpl.SimpleJobFactory.newJob(SimpleJobFactory.java:60)
	at org.quartz.simpl.PropertySettingJobFactory.newJob(PropertySettingJobFactory.java:69)
	at org.quartz.core.JobRunShell.initialize(JobRunShell.java:127)
	at org.quartz.core.QuartzSchedulerThread.run(QuartzSchedulerThread.java:392)
Caused by: java.lang.IllegalAccessException: Class org.quartz.simpl.SimpleJobFactory can not access a member of class cn.com.lioan.quartz.Task1 with modifiers ""
	at sun.reflect.Reflection.ensureMemberAccess(Reflection.java:102)
	at java.lang.Class.newInstance(Class.java:436)
	at org.quartz.simpl.SimpleJobFactory.newJob(SimpleJobFactory.java:56)
	... 3 more
160  INFO  [2019-03-07 22:21:07]  All triggers of Job QUARTZ_JOBGROUP_LIXX.taskJob1 set to ERROR state.
160  DEBUG [2019-03-07 22:21:07]  batch acquisition of 0 triggers
27764 DEBUG [2019-03-07 22:21:35]  batch acquisition of 0 triggers
0    INFO  [2019-03-07 22:22:44]  =================initialization=================
40   INFO  [2019-03-07 22:22:44]  Using default implementation for ThreadExecutor
40   INFO  [2019-03-07 22:22:44]  Job execution threads will use class loader of thread: main
60   INFO  [2019-03-07 22:22:44]  Initialized Scheduler Signaller of type: class org.quartz.core.SchedulerSignalerImpl
60   INFO  [2019-03-07 22:22:44]  Quartz Scheduler v.2.3.0-SNAPSHOT created.
60   INFO  [2019-03-07 22:22:44]  RAMJobStore initialized.
60   INFO  [2019-03-07 22:22:44]  Scheduler meta-data: Quartz Scheduler (v2.3.0-SNAPSHOT) 'DefaultQuartzScheduler' with instanceId 'NON_CLUSTERED'
  Scheduler class: 'org.quartz.core.QuartzScheduler' - running locally.
  NOT STARTED.
  Currently in standby mode.
  Number of jobs executed: 0
  Using thread pool 'org.quartz.simpl.SimpleThreadPool' - with 10 threads.
  Using job-store 'org.quartz.simpl.RAMJobStore' - which does not support persistence. and is not clustered.

60   INFO  [2019-03-07 22:22:44]  Quartz scheduler 'DefaultQuartzScheduler' initialized from default resource file in Quartz package: 'quartz.properties'
60   INFO  [2019-03-07 22:22:44]  Quartz scheduler version: 2.3.0-SNAPSHOT
60   INFO  [2019-03-07 22:22:44]  =================initialize finshed=================
60   INFO  [2019-03-07 22:22:44]  =================add the job to Scheduler=================
60   INFO  [2019-03-07 22:22:44]  Scheduler DefaultQuartzScheduler_$_NON_CLUSTERED started.
70   DEBUG [2019-03-07 22:22:44]  batch acquisition of 1 triggers
70   DEBUG [2019-03-07 22:22:44]  Producing instance of Job 'QUARTZ_JOBGROUP_LIXX.taskJob1', class=cn.com.lioan.quartz.TestTask1
70   DEBUG [2019-03-07 22:22:44]  batch acquisition of 1 triggers
70   DEBUG [2019-03-07 22:22:44]  Calling execute on job QUARTZ_JOBGROUP_LIXX.taskJob1
5064 DEBUG [2019-03-07 22:22:49]  Producing instance of Job 'QUARTZ_JOBGROUP_LIXX.taskJob1', class=cn.com.lioan.quartz.TestTask1
5064 DEBUG [2019-03-07 22:22:49]  batch acquisition of 1 triggers
5064 DEBUG [2019-03-07 22:22:49]  Calling execute on job QUARTZ_JOBGROUP_LIXX.taskJob1
10069 DEBUG [2019-03-07 22:22:54]  Producing instance of Job 'QUARTZ_JOBGROUP_LIXX.taskJob1', class=cn.com.lioan.quartz.TestTask1
10069 DEBUG [2019-03-07 22:22:54]  batch acquisition of 1 triggers
10069 DEBUG [2019-03-07 22:22:54]  Calling execute on job QUARTZ_JOBGROUP_LIXX.taskJob1
15067 DEBUG [2019-03-07 22:22:59]  Producing instance of Job 'QUARTZ_JOBGROUP_LIXX.taskJob1', class=cn.com.lioan.quartz.TestTask1
15067 DEBUG [2019-03-07 22:22:59]  batch acquisition of 1 triggers
15067 DEBUG [2019-03-07 22:22:59]  Calling execute on job QUARTZ_JOBGROUP_LIXX.taskJob1
20067 DEBUG [2019-03-07 22:23:04]  Producing instance of Job 'QUARTZ_JOBGROUP_LIXX.taskJob1', class=cn.com.lioan.quartz.TestTask1
20067 DEBUG [2019-03-07 22:23:04]  batch acquisition of 1 triggers
20067 DEBUG [2019-03-07 22:23:04]  Calling execute on job QUARTZ_JOBGROUP_LIXX.taskJob1
0    INFO  [2019-03-10 12:27:05]  =================initialization=================
97   INFO  [2019-03-10 12:27:05]  Using default implementation for ThreadExecutor
101  INFO  [2019-03-10 12:27:05]  Job execution threads will use class loader of thread: main
116  INFO  [2019-03-10 12:27:05]  Initialized Scheduler Signaller of type: class org.quartz.core.SchedulerSignalerImpl
116  INFO  [2019-03-10 12:27:05]  Quartz Scheduler v.2.3.0-SNAPSHOT created.
117  INFO  [2019-03-10 12:27:05]  RAMJobStore initialized.
118  INFO  [2019-03-10 12:27:05]  Scheduler meta-data: Quartz Scheduler (v2.3.0-SNAPSHOT) 'DefaultQuartzScheduler' with instanceId 'NON_CLUSTERED'
  Scheduler class: 'org.quartz.core.QuartzScheduler' - running locally.
  NOT STARTED.
  Currently in standby mode.
  Number of jobs executed: 0
  Using thread pool 'org.quartz.simpl.SimpleThreadPool' - with 10 threads.
  Using job-store 'org.quartz.simpl.RAMJobStore' - which does not support persistence. and is not clustered.

118  INFO  [2019-03-10 12:27:05]  Quartz scheduler 'DefaultQuartzScheduler' initialized from default resource file in Quartz package: 'quartz.properties'
118  INFO  [2019-03-10 12:27:05]  Quartz scheduler version: 2.3.0-SNAPSHOT
118  INFO  [2019-03-10 12:27:05]  =================initialize finshed=================
118  INFO  [2019-03-10 12:27:05]  =================add the job to Scheduler=================
128  INFO  [2019-03-10 12:27:05]  Scheduler DefaultQuartzScheduler_$_NON_CLUSTERED started.
129  DEBUG [2019-03-10 12:27:05]  batch acquisition of 1 triggers
647  DEBUG [2019-03-10 12:27:06]  Producing instance of Job 'QUARTZ_JOBGROUP_LIXX.taskJob1', class=cn.com.lioan.quartz.TestTask1
649  DEBUG [2019-03-10 12:27:06]  batch acquisition of 1 triggers
649  DEBUG [2019-03-10 12:27:06]  Calling execute on job QUARTZ_JOBGROUP_LIXX.taskJob1
3646 DEBUG [2019-03-10 12:27:09]  Producing instance of Job 'QUARTZ_JOBGROUP_LIXX.taskJob1', class=cn.com.lioan.quartz.TestTask1
3647 DEBUG [2019-03-10 12:27:09]  Calling execute on job QUARTZ_JOBGROUP_LIXX.taskJob1
3647 DEBUG [2019-03-10 12:27:09]  batch acquisition of 1 triggers
6646 DEBUG [2019-03-10 12:27:12]  Producing instance of Job 'QUARTZ_JOBGROUP_LIXX.taskJob1', class=cn.com.lioan.quartz.TestTask1
6646 DEBUG [2019-03-10 12:27:12]  Calling execute on job QUARTZ_JOBGROUP_LIXX.taskJob1
6647 DEBUG [2019-03-10 12:27:12]  batch acquisition of 1 triggers
9646 DEBUG [2019-03-10 12:27:15]  Producing instance of Job 'QUARTZ_JOBGROUP_LIXX.taskJob1', class=cn.com.lioan.quartz.TestTask1
9647 DEBUG [2019-03-10 12:27:15]  Calling execute on job QUARTZ_JOBGROUP_LIXX.taskJob1
9647 DEBUG [2019-03-10 12:27:15]  batch acquisition of 1 triggers
12646 DEBUG [2019-03-10 12:27:18]  Producing instance of Job 'QUARTZ_JOBGROUP_LIXX.taskJob1', class=cn.com.lioan.quartz.TestTask1
12647 DEBUG [2019-03-10 12:27:18]  Calling execute on job QUARTZ_JOBGROUP_LIXX.taskJob1
12647 DEBUG [2019-03-10 12:27:18]  batch acquisition of 1 triggers
15645 DEBUG [2019-03-10 12:27:21]  Producing instance of Job 'QUARTZ_JOBGROUP_LIXX.taskJob1', class=cn.com.lioan.quartz.TestTask1
15646 DEBUG [2019-03-10 12:27:21]  Calling execute on job QUARTZ_JOBGROUP_LIXX.taskJob1
15646 DEBUG [2019-03-10 12:27:21]  batch acquisition of 1 triggers
18646 DEBUG [2019-03-10 12:27:24]  Producing instance of Job 'QUARTZ_JOBGROUP_LIXX.taskJob1', class=cn.com.lioan.quartz.TestTask1
18647 DEBUG [2019-03-10 12:27:24]  Calling execute on job QUARTZ_JOBGROUP_LIXX.taskJob1
18647 DEBUG [2019-03-10 12:27:24]  batch acquisition of 1 triggers
21646 DEBUG [2019-03-10 12:27:27]  Producing instance of Job 'QUARTZ_JOBGROUP_LIXX.taskJob1', class=cn.com.lioan.quartz.TestTask1
21646 DEBUG [2019-03-10 12:27:27]  Calling execute on job QUARTZ_JOBGROUP_LIXX.taskJob1
21647 DEBUG [2019-03-10 12:27:27]  batch acquisition of 1 triggers
24645 DEBUG [2019-03-10 12:27:30]  Producing instance of Job 'QUARTZ_JOBGROUP_LIXX.taskJob1', class=cn.com.lioan.quartz.TestTask1
24645 DEBUG [2019-03-10 12:27:30]  Calling execute on job QUARTZ_JOBGROUP_LIXX.taskJob1
24645 DEBUG [2019-03-10 12:27:30]  batch acquisition of 1 triggers
